<?xml version="1.0" encoding="UTF-8"?>
<testsuite xmlns:xsi="http://www.w3.org/2001/XMLSchema-instance" xsi:noNamespaceSchemaLocation="https://maven.apache.org/surefire/maven-surefire-plugin/xsd/surefire-test-report-3.0.xsd" version="3.0" name="com.assignment.userorchestration.OrchestrationApiApplicationTests" time="23.589" tests="1" errors="0" skipped="0" failures="0">
  <properties>
[...]
</properties>
  <testcase name="contextLoads" classname="com.assignment.userorchestration.OrchestrationApiApplicationTests" time="0.03">
    <system-out><![CDATA[2025-02-21T18:53:03.564+05:30  INFO 11056 --- [orchestration-api] [           main] t.c.s.AnnotationConfigContextLoaderUtils : Could not detect default configuration classes for test class [com.assignment.userorchestration.OrchestrationApiApplicationTests]: OrchestrationApiApplicationTests does not declare any static, non-private, non-final, nested classes annotated with @Configuration.
2025-02-21T18:53:03.614+05:30  INFO 11056 --- [orchestration-api] [           main] .b.t.c.SpringBootTestContextBootstrapper : Found @SpringBootConfiguration com.assignment.userorchestration.OrchestrationApiApplication for test class com.assignment.userorchestration.OrchestrationApiApplicationTests

  .   ____          _            __ _ _
 /\\ / ___'_ __ _ _(_)_ __  __ _ \ \ \ \
( ( )\___ | '_ | '_| | '_ \/ _` | \ \ \ \
 \\/  ___)| |_)| | | | | || (_| |  ) ) ) )
  '  |____| .__|_| |_|_| |_\__, | / / / /
 =========|_|==============|___/=/_/_/_/

 :: Spring Boot ::                (v3.3.9)

2025-02-21T18:53:03.825+05:30  INFO 11056 --- [orchestration-api] [           main] c.a.u.OrchestrationApiApplicationTests   : Starting OrchestrationApiApplicationTests using Java 17.0.12 with PID 11056 (started by LENOVO in C:\Users\LENOVO\Desktop\Komal G\Assignment\orchestration-api)
2025-02-21T18:53:03.825+05:30  INFO 11056 --- [orchestration-api] [           main] c.a.u.OrchestrationApiApplicationTests   : No active profile set, falling back to 1 default profile: "default"
2025-02-21T18:53:05.980+05:30  INFO 11056 --- [orchestration-api] [           main] .s.d.r.c.RepositoryConfigurationDelegate : Bootstrapping Spring Data JPA repositories in DEFAULT mode.
2025-02-21T18:53:06.254+05:30  INFO 11056 --- [orchestration-api] [           main] .s.d.r.c.RepositoryConfigurationDelegate : Finished Spring Data repository scanning in 239 ms. Found 1 JPA repository interface.
2025-02-21T18:53:07.736+05:30  INFO 11056 --- [orchestration-api] [           main] o.hibernate.jpa.internal.util.LogHelper  : HHH000204: Processing PersistenceUnitInfo [name: default]
2025-02-21T18:53:08.144+05:30  INFO 11056 --- [orchestration-api] [           main] org.hibernate.Version                    : HHH000412: Hibernate ORM core version 6.5.3.Final
2025-02-21T18:53:08.338+05:30  INFO 11056 --- [orchestration-api] [           main] o.h.c.internal.RegionFactoryInitiator    : HHH000026: Second-level cache disabled
2025-02-21T18:53:09.396+05:30  INFO 11056 --- [orchestration-api] [           main] o.s.o.j.p.SpringPersistenceUnitInfo      : No LoadTimeWeaver setup: ignoring JPA class transformer
2025-02-21T18:53:09.541+05:30  INFO 11056 --- [orchestration-api] [           main] com.zaxxer.hikari.HikariDataSource       : HikariPool-1 - Starting...
2025-02-21T18:53:13.821+05:30  INFO 11056 --- [orchestration-api] [           main] com.zaxxer.hikari.pool.HikariPool        : HikariPool-1 - Added connection conn0: url=jdbc:h2:mem:testdb user=SA
2025-02-21T18:53:13.824+05:30  INFO 11056 --- [orchestration-api] [           main] com.zaxxer.hikari.HikariDataSource       : HikariPool-1 - Start completed.
2025-02-21T18:53:14.104+05:30  WARN 11056 --- [orchestration-api] [           main] org.hibernate.orm.deprecation            : HHH90000025: H2Dialect does not need to be specified explicitly using 'hibernate.dialect' (remove the property setting and it will be selected by default)
2025-02-21T18:53:19.593+05:30  INFO 11056 --- [orchestration-api] [           main] o.h.e.t.j.p.i.JtaPlatformInitiator       : HHH000489: No JTA platform available (set 'hibernate.transaction.jta.platform' to enable JTA platform integration)
2025-02-21T18:53:19.788+05:30  INFO 11056 --- [orchestration-api] [           main] j.LocalContainerEntityManagerFactoryBean : Initialized JPA EntityManagerFactory for persistence unit 'default'
2025-02-21T18:53:24.409+05:30  WARN 11056 --- [orchestration-api] [           main] JpaBaseConfiguration$JpaWebConfiguration : spring.jpa.open-in-view is enabled by default. Therefore, database queries may be performed during view rendering. Explicitly configure spring.jpa.open-in-view to disable this warning
2025-02-21T18:53:24.540+05:30  INFO 11056 --- [orchestration-api] [           main] o.s.v.b.OptionalValidatorFactoryBean     : Failed to set up a Bean Validation provider: jakarta.validation.NoProviderFoundException: Unable to create a Configuration, because no Jakarta Bean Validation provider could be found. Add a provider like Hibernate Validator (RI) to your classpath.
2025-02-21T18:53:26.852+05:30  INFO 11056 --- [orchestration-api] [           main] o.s.b.a.h2.H2ConsoleAutoConfiguration    : H2 console available at '/h2-console'. Database available at 'jdbc:h2:mem:testdb'
2025-02-21T18:53:27.102+05:30  INFO 11056 --- [orchestration-api] [           main] c.a.u.OrchestrationApiApplicationTests   : Started OrchestrationApiApplicationTests in 23.476 seconds (process running for 39.117)
]]></system-out>
  </testcase>
</testsuite>